start
data loading cost: 0.06211709976196289
process batches id: 0
model_idx: 0
model_idx: 1
model_idx: 2
model_idx: 3
model_idx: 4
model_idx: 5
model_idx: 6
model_idx: 7
model_idx: 8
model_idx: 9
process batches id: 1
model_idx: 0
model_idx: 1
model_idx: 2
model_idx: 3
model_idx: 4
model_idx: 5
model_idx: 6
model_idx: 7
model_idx: 8
model_idx: 9
process batches id: 2
model_idx: 0
model_idx: 1
model_idx: 2
model_idx: 3
model_idx: 4
model_idx: 5
model_idx: 6
model_idx: 7
model_idx: 8
model_idx: 9
process batches id: 3
model_idx: 0
model_idx: 1
model_idx: 2
model_idx: 3
model_idx: 4
model_idx: 5
model_idx: 6
model_idx: 7
model_idx: 8
model_idx: 9
mean in subsampled labels: {'P@1': 0.8480955259975816, 'P@3': 0.7427952438532849, 'P@5': 0.6567412333736397}
Total time: 3268.8728442192078
