start
data loading cost: 3.3554904460906982
process batches id: 0
process batches id: 1
process batches id: 2
process batches id: 3
process batches id: 4
process batches id: 5
process batches id: 6
process batches id: 7
process batches id: 8
process batches id: 9
process batches id: 10
process batches id: 11
process batches id: 12
process batches id: 13
process batches id: 14
process batches id: 15
mean in subsampled labels: {'P@1': 0.45147524914229703, 'P@3': 0.4021782933071938, 'P@5': 0.36650743342591074}
Total time: 61044.93976020813
