start
data loading cost: 0.6618967056274414
process batches id: 0
model_idx: 0
model_idx: 1
model_idx: 2
model_idx: 3
model_idx: 4
model_idx: 5
model_idx: 6
model_idx: 7
model_idx: 8
model_idx: 9
process batches id: 1
model_idx: 0
model_idx: 1
model_idx: 2
model_idx: 3
model_idx: 4
model_idx: 5
model_idx: 6
model_idx: 7
model_idx: 8
model_idx: 9
process batches id: 2
model_idx: 0
model_idx: 1
model_idx: 2
model_idx: 3
model_idx: 4
model_idx: 5
model_idx: 6
model_idx: 7
model_idx: 8
model_idx: 9
process batches id: 3
model_idx: 0
model_idx: 1
model_idx: 2
model_idx: 3
model_idx: 4
model_idx: 5
model_idx: 6
model_idx: 7
model_idx: 8
model_idx: 9
process batches id: 4
model_idx: 0
model_idx: 1
model_idx: 2
model_idx: 3
model_idx: 4
model_idx: 5
model_idx: 6
model_idx: 7
model_idx: 8
model_idx: 9
process batches id: 5
model_idx: 0
model_idx: 1
model_idx: 2
model_idx: 3
model_idx: 4
model_idx: 5
model_idx: 6
model_idx: 7
model_idx: 8
model_idx: 9
process batches id: 6
model_idx: 0
model_idx: 1
model_idx: 2
model_idx: 3
model_idx: 4
model_idx: 5
model_idx: 6
model_idx: 7
model_idx: 8
model_idx: 9
process batches id: 7
model_idx: 0
model_idx: 1
model_idx: 2
model_idx: 3
model_idx: 4
model_idx: 5
model_idx: 6
model_idx: 7
model_idx: 8
model_idx: 9
process batches id: 8
model_idx: 0
model_idx: 1
model_idx: 2
model_idx: 3
model_idx: 4
model_idx: 5
model_idx: 6
model_idx: 7
model_idx: 8
model_idx: 9
process batches id: 9
model_idx: 0
model_idx: 1
model_idx: 2
model_idx: 3
model_idx: 4
model_idx: 5
model_idx: 6
model_idx: 7
model_idx: 8
model_idx: 9
process batches id: 10
model_idx: 0
model_idx: 1
model_idx: 2
model_idx: 3
model_idx: 4
model_idx: 5
model_idx: 6
model_idx: 7
model_idx: 8
model_idx: 9
process batches id: 11
model_idx: 0
model_idx: 1
model_idx: 2
model_idx: 3
model_idx: 4
model_idx: 5
model_idx: 6
model_idx: 7
model_idx: 8
model_idx: 9
process batches id: 12
model_idx: 0
model_idx: 1
model_idx: 2
model_idx: 3
model_idx: 4
model_idx: 5
model_idx: 6
model_idx: 7
model_idx: 8
model_idx: 9
process batches id: 13
model_idx: 0
model_idx: 1
model_idx: 2
model_idx: 3
model_idx: 4
model_idx: 5
model_idx: 6
model_idx: 7
model_idx: 8
model_idx: 9
process batches id: 14
model_idx: 0
model_idx: 1
model_idx: 2
model_idx: 3
model_idx: 4
model_idx: 5
model_idx: 6
model_idx: 7
model_idx: 8
model_idx: 9
process batches id: 15
model_idx: 0
model_idx: 1
model_idx: 2
model_idx: 3
model_idx: 4
model_idx: 5
model_idx: 6
model_idx: 7
model_idx: 8
model_idx: 9
process batches id: 16
model_idx: 0
model_idx: 1
model_idx: 2
model_idx: 3
model_idx: 4
model_idx: 5
model_idx: 6
model_idx: 7
model_idx: 8
model_idx: 9
process batches id: 17
model_idx: 0
model_idx: 1
model_idx: 2
model_idx: 3
model_idx: 4
model_idx: 5
model_idx: 6
model_idx: 7
model_idx: 8
model_idx: 9
process batches id: 18
model_idx: 0
model_idx: 1
model_idx: 2
model_idx: 3
model_idx: 4
model_idx: 5
model_idx: 6
model_idx: 7
model_idx: 8
model_idx: 9
process batches id: 19
model_idx: 0
model_idx: 1
model_idx: 2
model_idx: 3
model_idx: 4
model_idx: 5
model_idx: 6
model_idx: 7
model_idx: 8
model_idx: 9
process batches id: 20
model_idx: 0
model_idx: 1
model_idx: 2
model_idx: 3
model_idx: 4
model_idx: 5
model_idx: 6
model_idx: 7
model_idx: 8
model_idx: 9
process batches id: 21
model_idx: 0
model_idx: 1
model_idx: 2
model_idx: 3
model_idx: 4
model_idx: 5
model_idx: 6
model_idx: 7
model_idx: 8
model_idx: 9
process batches id: 22
model_idx: 0
model_idx: 1
model_idx: 2
model_idx: 3
model_idx: 4
model_idx: 5
model_idx: 6
model_idx: 7
model_idx: 8
model_idx: 9
process batches id: 23
model_idx: 0
model_idx: 1
model_idx: 2
model_idx: 3
model_idx: 4
model_idx: 5
model_idx: 6
model_idx: 7
model_idx: 8
model_idx: 9
process batches id: 24
model_idx: 0
model_idx: 1
model_idx: 2
model_idx: 3
model_idx: 4
model_idx: 5
model_idx: 6
model_idx: 7
model_idx: 8
model_idx: 9
process batches id: 25
model_idx: 0
model_idx: 1
model_idx: 2
model_idx: 3
model_idx: 4
model_idx: 5
model_idx: 6
model_idx: 7
model_idx: 8
model_idx: 9
process batches id: 26
model_idx: 0
model_idx: 1
model_idx: 2
model_idx: 3
model_idx: 4
model_idx: 5
model_idx: 6
model_idx: 7
model_idx: 8
model_idx: 9
process batches id: 27
model_idx: 0
model_idx: 1
model_idx: 2
model_idx: 3
model_idx: 4
model_idx: 5
model_idx: 6
model_idx: 7
model_idx: 8
model_idx: 9
process batches id: 28
model_idx: 0
model_idx: 1
model_idx: 2
model_idx: 3
model_idx: 4
model_idx: 5
model_idx: 6
model_idx: 7
model_idx: 8
model_idx: 9
process batches id: 29
model_idx: 0
model_idx: 1
model_idx: 2
model_idx: 3
model_idx: 4
model_idx: 5
model_idx: 6
model_idx: 7
model_idx: 8
model_idx: 9
process batches id: 30
model_idx: 0
model_idx: 1
model_idx: 2
model_idx: 3
model_idx: 4
model_idx: 5
model_idx: 6
model_idx: 7
model_idx: 8
model_idx: 9
process batches id: 31
model_idx: 0
model_idx: 1
model_idx: 2
model_idx: 3
model_idx: 4
model_idx: 5
model_idx: 6
model_idx: 7
model_idx: 8
model_idx: 9
process batches id: 32
model_idx: 0
model_idx: 1
model_idx: 2
model_idx: 3
model_idx: 4
model_idx: 5
model_idx: 6
model_idx: 7
model_idx: 8
model_idx: 9
process batches id: 33
model_idx: 0
model_idx: 1
model_idx: 2
model_idx: 3
model_idx: 4
model_idx: 5
model_idx: 6
model_idx: 7
model_idx: 8
model_idx: 9
process batches id: 34
model_idx: 0
model_idx: 1
model_idx: 2
model_idx: 3
model_idx: 4
model_idx: 5
model_idx: 6
model_idx: 7
model_idx: 8
model_idx: 9
process batches id: 35
model_idx: 0
model_idx: 1
model_idx: 2
model_idx: 3
model_idx: 4
model_idx: 5
model_idx: 6
model_idx: 7
model_idx: 8
model_idx: 9
process batches id: 36
model_idx: 0
model_idx: 1
model_idx: 2
model_idx: 3
model_idx: 4
model_idx: 5
model_idx: 6
model_idx: 7
model_idx: 8
model_idx: 9
process batches id: 37
model_idx: 0
model_idx: 1
model_idx: 2
model_idx: 3
model_idx: 4
model_idx: 5
model_idx: 6
model_idx: 7
model_idx: 8
model_idx: 9
process batches id: 38
model_idx: 0
model_idx: 1
model_idx: 2
model_idx: 3
model_idx: 4
model_idx: 5
model_idx: 6
model_idx: 7
model_idx: 8
model_idx: 9
process batches id: 39
model_idx: 0
model_idx: 1
model_idx: 2
model_idx: 3
model_idx: 4
model_idx: 5
model_idx: 6
model_idx: 7
model_idx: 8
model_idx: 9
process batches id: 40
model_idx: 0
model_idx: 1
model_idx: 2
model_idx: 3
model_idx: 4
model_idx: 5
model_idx: 6
model_idx: 7
model_idx: 8
model_idx: 9
process batches id: 41
model_idx: 0
model_idx: 1
model_idx: 2
model_idx: 3
model_idx: 4
model_idx: 5
model_idx: 6
model_idx: 7
model_idx: 8
model_idx: 9
process batches id: 42
model_idx: 0
model_idx: 1
model_idx: 2
model_idx: 3
model_idx: 4
model_idx: 5
model_idx: 6
model_idx: 7
model_idx: 8
model_idx: 9
process batches id: 43
model_idx: 0
model_idx: 1
model_idx: 2
model_idx: 3
model_idx: 4
model_idx: 5
model_idx: 6
model_idx: 7
model_idx: 8
model_idx: 9
process batches id: 44
model_idx: 0
model_idx: 1
model_idx: 2
model_idx: 3
model_idx: 4
model_idx: 5
model_idx: 6
model_idx: 7
model_idx: 8
model_idx: 9
process batches id: 45
model_idx: 0
model_idx: 1
model_idx: 2
model_idx: 3
model_idx: 4
model_idx: 5
model_idx: 6
model_idx: 7
model_idx: 8
model_idx: 9
process batches id: 46
model_idx: 0
model_idx: 1
model_idx: 2
model_idx: 3
model_idx: 4
model_idx: 5
model_idx: 6
model_idx: 7
model_idx: 8
model_idx: 9
process batches id: 47
model_idx: 0
model_idx: 1
model_idx: 2
model_idx: 3
model_idx: 4
model_idx: 5
model_idx: 6
model_idx: 7
model_idx: 8
model_idx: 9
process batches id: 48
model_idx: 0
model_idx: 1
model_idx: 2
model_idx: 3
model_idx: 4
model_idx: 5
model_idx: 6
model_idx: 7
model_idx: 8
model_idx: 9
process batches id: 49
model_idx: 0
model_idx: 1
model_idx: 2
model_idx: 3
model_idx: 4
model_idx: 5
model_idx: 6
model_idx: 7
model_idx: 8
model_idx: 9
process batches id: 50
model_idx: 0
model_idx: 1
model_idx: 2
model_idx: 3
model_idx: 4
model_idx: 5
model_idx: 6
model_idx: 7
model_idx: 8
model_idx: 9
process batches id: 51
model_idx: 0
model_idx: 1
model_idx: 2
model_idx: 3
model_idx: 4
model_idx: 5
model_idx: 6
model_idx: 7
model_idx: 8
model_idx: 9
process batches id: 52
model_idx: 0
model_idx: 1
model_idx: 2
model_idx: 3
model_idx: 4
model_idx: 5
model_idx: 6
model_idx: 7
model_idx: 8
model_idx: 9
process batches id: 53
model_idx: 0
model_idx: 1
model_idx: 2
model_idx: 3
model_idx: 4
model_idx: 5
model_idx: 6
model_idx: 7
model_idx: 8
model_idx: 9
process batches id: 54
model_idx: 0
model_idx: 1
model_idx: 2
model_idx: 3
model_idx: 4
model_idx: 5
model_idx: 6
model_idx: 7
model_idx: 8
model_idx: 9
process batches id: 55
model_idx: 0
model_idx: 1
model_idx: 2
model_idx: 3
model_idx: 4
model_idx: 5
model_idx: 6
model_idx: 7
model_idx: 8
model_idx: 9
process batches id: 56
model_idx: 0
model_idx: 1
model_idx: 2
model_idx: 3
model_idx: 4
model_idx: 5
model_idx: 6
model_idx: 7
model_idx: 8
model_idx: 9
process batches id: 57
model_idx: 0
model_idx: 1
model_idx: 2
model_idx: 3
model_idx: 4
model_idx: 5
model_idx: 6
model_idx: 7
model_idx: 8
model_idx: 9
process batches id: 58
model_idx: 0
model_idx: 1
model_idx: 2
model_idx: 3
model_idx: 4
model_idx: 5
model_idx: 6
model_idx: 7
model_idx: 8
model_idx: 9
process batches id: 59
model_idx: 0
model_idx: 1
model_idx: 2
model_idx: 3
model_idx: 4
model_idx: 5
model_idx: 6
model_idx: 7
model_idx: 8
model_idx: 9
process batches id: 60
model_idx: 0
model_idx: 1
model_idx: 2
model_idx: 3
model_idx: 4
model_idx: 5
model_idx: 6
model_idx: 7
model_idx: 8
model_idx: 9
process batches id: 61
model_idx: 0
model_idx: 1
model_idx: 2
model_idx: 3
model_idx: 4
model_idx: 5
model_idx: 6
model_idx: 7
model_idx: 8
model_idx: 9
process batches id: 62
model_idx: 0
model_idx: 1
model_idx: 2
model_idx: 3
model_idx: 4
model_idx: 5
model_idx: 6
model_idx: 7
model_idx: 8
model_idx: 9
process batches id: 63
model_idx: 0
model_idx: 1
model_idx: 2
model_idx: 3
model_idx: 4
model_idx: 5
model_idx: 6
model_idx: 7
model_idx: 8
model_idx: 9
process batches id: 64
model_idx: 0
model_idx: 1
model_idx: 2
model_idx: 3
model_idx: 4
model_idx: 5
model_idx: 6
model_idx: 7
model_idx: 8
model_idx: 9
process batches id: 65
model_idx: 0
model_idx: 1
model_idx: 2
model_idx: 3
model_idx: 4
model_idx: 5
model_idx: 6
model_idx: 7
model_idx: 8
model_idx: 9
process batches id: 66
model_idx: 0
model_idx: 1
model_idx: 2
model_idx: 3
model_idx: 4
model_idx: 5
model_idx: 6
model_idx: 7
model_idx: 8
model_idx: 9
process batches id: 67
model_idx: 0
model_idx: 1
model_idx: 2
model_idx: 3
model_idx: 4
model_idx: 5
model_idx: 6
model_idx: 7
model_idx: 8
model_idx: 9
process batches id: 68
model_idx: 0
model_idx: 1
model_idx: 2
model_idx: 3
model_idx: 4
model_idx: 5
model_idx: 6
model_idx: 7
model_idx: 8
model_idx: 9
process batches id: 69
model_idx: 0
model_idx: 1
model_idx: 2
model_idx: 3
model_idx: 4
model_idx: 5
model_idx: 6
model_idx: 7
model_idx: 8
model_idx: 9
process batches id: 70
model_idx: 0
model_idx: 1
model_idx: 2
model_idx: 3
model_idx: 4
model_idx: 5
model_idx: 6
model_idx: 7
model_idx: 8
model_idx: 9
process batches id: 71
model_idx: 0
model_idx: 1
model_idx: 2
model_idx: 3
model_idx: 4
model_idx: 5
model_idx: 6
model_idx: 7
model_idx: 8
model_idx: 9
process batches id: 72
model_idx: 0
model_idx: 1
model_idx: 2
model_idx: 3
model_idx: 4
model_idx: 5
model_idx: 6
model_idx: 7
model_idx: 8
model_idx: 9
process batches id: 73
model_idx: 0
model_idx: 1
model_idx: 2
model_idx: 3
model_idx: 4
model_idx: 5
model_idx: 6
model_idx: 7
model_idx: 8
model_idx: 9
process batches id: 74
model_idx: 0
model_idx: 1
model_idx: 2
model_idx: 3
model_idx: 4
model_idx: 5
model_idx: 6
model_idx: 7
model_idx: 8
model_idx: 9
process batches id: 75
model_idx: 0
model_idx: 1
model_idx: 2
model_idx: 3
model_idx: 4
model_idx: 5
model_idx: 6
model_idx: 7
model_idx: 8
model_idx: 9
process batches id: 76
model_idx: 0
model_idx: 1
model_idx: 2
model_idx: 3
model_idx: 4
model_idx: 5
model_idx: 6
model_idx: 7
model_idx: 8
model_idx: 9
process batches id: 77
model_idx: 0
model_idx: 1
model_idx: 2
model_idx: 3
model_idx: 4
model_idx: 5
model_idx: 6
model_idx: 7
model_idx: 8
model_idx: 9
process batches id: 78
model_idx: 0
model_idx: 1
model_idx: 2
model_idx: 3
model_idx: 4
model_idx: 5
model_idx: 6
model_idx: 7
model_idx: 8
model_idx: 9
process batches id: 79
model_idx: 0
model_idx: 1
model_idx: 2
model_idx: 3
model_idx: 4
model_idx: 5
model_idx: 6
model_idx: 7
model_idx: 8
model_idx: 9
process batches id: 80
model_idx: 0
model_idx: 1
model_idx: 2
model_idx: 3
model_idx: 4
model_idx: 5
model_idx: 6
model_idx: 7
model_idx: 8
model_idx: 9
process batches id: 81
model_idx: 0
model_idx: 1
model_idx: 2
model_idx: 3
model_idx: 4
model_idx: 5
model_idx: 6
model_idx: 7
model_idx: 8
model_idx: 9
process batches id: 82
model_idx: 0
model_idx: 1
model_idx: 2
model_idx: 3
model_idx: 4
model_idx: 5
model_idx: 6
model_idx: 7
model_idx: 8
model_idx: 9
process batches id: 83
model_idx: 0
model_idx: 1
model_idx: 2
model_idx: 3
model_idx: 4
model_idx: 5
model_idx: 6
model_idx: 7
model_idx: 8
model_idx: 9
process batches id: 84
model_idx: 0
model_idx: 1
model_idx: 2
model_idx: 3
model_idx: 4
model_idx: 5
model_idx: 6
model_idx: 7
model_idx: 8
model_idx: 9
process batches id: 85
model_idx: 0
model_idx: 1
model_idx: 2
model_idx: 3
model_idx: 4
model_idx: 5
model_idx: 6
model_idx: 7
model_idx: 8
model_idx: 9
process batches id: 86
model_idx: 0
model_idx: 1
model_idx: 2
model_idx: 3
model_idx: 4
model_idx: 5
model_idx: 6
model_idx: 7
model_idx: 8
model_idx: 9
process batches id: 87
model_idx: 0
model_idx: 1
model_idx: 2
model_idx: 3
model_idx: 4
model_idx: 5
model_idx: 6
model_idx: 7
model_idx: 8
model_idx: 9
process batches id: 88
model_idx: 0
model_idx: 1
model_idx: 2
model_idx: 3
model_idx: 4
model_idx: 5
model_idx: 6
model_idx: 7
model_idx: 8
model_idx: 9
process batches id: 89
model_idx: 0
model_idx: 1
model_idx: 2
model_idx: 3
model_idx: 4
model_idx: 5
model_idx: 6
model_idx: 7
model_idx: 8
model_idx: 9
process batches id: 90
model_idx: 0
model_idx: 1
model_idx: 2
model_idx: 3
model_idx: 4
model_idx: 5
model_idx: 6
model_idx: 7
model_idx: 8
model_idx: 9
process batches id: 91
model_idx: 0
model_idx: 1
model_idx: 2
model_idx: 3
model_idx: 4
model_idx: 5
model_idx: 6
model_idx: 7
model_idx: 8
model_idx: 9
process batches id: 92
model_idx: 0
model_idx: 1
model_idx: 2
model_idx: 3
model_idx: 4
model_idx: 5
model_idx: 6
model_idx: 7
model_idx: 8
model_idx: 9
process batches id: 93
model_idx: 0
model_idx: 1
model_idx: 2
model_idx: 3
model_idx: 4
model_idx: 5
model_idx: 6
model_idx: 7
model_idx: 8
model_idx: 9
process batches id: 94
model_idx: 0
model_idx: 1
model_idx: 2
model_idx: 3
model_idx: 4
model_idx: 5
model_idx: 6
model_idx: 7
model_idx: 8
model_idx: 9
process batches id: 95
model_idx: 0
model_idx: 1
model_idx: 2
model_idx: 3
model_idx: 4
model_idx: 5
model_idx: 6
model_idx: 7
model_idx: 8
model_idx: 9
process batches id: 96
model_idx: 0
model_idx: 1
model_idx: 2
model_idx: 3
model_idx: 4
model_idx: 5
model_idx: 6
model_idx: 7
model_idx: 8
model_idx: 9
process batches id: 97
model_idx: 0
model_idx: 1
model_idx: 2
model_idx: 3
model_idx: 4
model_idx: 5
model_idx: 6
model_idx: 7
model_idx: 8
model_idx: 9
process batches id: 98
model_idx: 0
model_idx: 1
model_idx: 2
model_idx: 3
model_idx: 4
model_idx: 5
model_idx: 6
model_idx: 7
model_idx: 8
model_idx: 9
process batches id: 99
model_idx: 0
model_idx: 1
model_idx: 2
model_idx: 3
model_idx: 4
model_idx: 5
model_idx: 6
model_idx: 7
model_idx: 8
model_idx: 9
process batches id: 100
model_idx: 0
model_idx: 1
model_idx: 2
model_idx: 3
model_idx: 4
model_idx: 5
model_idx: 6
model_idx: 7
model_idx: 8
model_idx: 9
process batches id: 101
model_idx: 0
model_idx: 1
model_idx: 2
model_idx: 3
model_idx: 4
model_idx: 5
model_idx: 6
model_idx: 7
model_idx: 8
model_idx: 9
process batches id: 102
model_idx: 0
model_idx: 1
model_idx: 2
model_idx: 3
model_idx: 4
model_idx: 5
model_idx: 6
model_idx: 7
model_idx: 8
model_idx: 9
process batches id: 103
model_idx: 0
model_idx: 1
model_idx: 2
model_idx: 3
model_idx: 4
model_idx: 5
model_idx: 6
model_idx: 7
model_idx: 8
model_idx: 9
process batches id: 104
model_idx: 0
model_idx: 1
model_idx: 2
model_idx: 3
model_idx: 4
model_idx: 5
model_idx: 6
model_idx: 7
model_idx: 8
model_idx: 9
process batches id: 105
model_idx: 0
model_idx: 1
model_idx: 2
model_idx: 3
model_idx: 4
model_idx: 5
model_idx: 6
model_idx: 7
model_idx: 8
model_idx: 9
process batches id: 106
model_idx: 0
model_idx: 1
model_idx: 2
model_idx: 3
model_idx: 4
model_idx: 5
model_idx: 6
model_idx: 7
model_idx: 8
model_idx: 9
process batches id: 107
model_idx: 0
model_idx: 1
model_idx: 2
model_idx: 3
model_idx: 4
model_idx: 5
model_idx: 6
model_idx: 7
model_idx: 8
model_idx: 9
process batches id: 108
model_idx: 0
model_idx: 1
model_idx: 2
model_idx: 3
model_idx: 4
model_idx: 5
model_idx: 6
model_idx: 7
model_idx: 8
model_idx: 9
process batches id: 109
model_idx: 0
model_idx: 1
model_idx: 2
model_idx: 3
model_idx: 4
model_idx: 5
model_idx: 6
model_idx: 7
model_idx: 8
model_idx: 9
process batches id: 110
model_idx: 0
model_idx: 1
model_idx: 2
model_idx: 3
model_idx: 4
model_idx: 5
model_idx: 6
model_idx: 7
model_idx: 8
model_idx: 9
process batches id: 111
model_idx: 0
model_idx: 1
model_idx: 2
model_idx: 3
model_idx: 4
model_idx: 5
model_idx: 6
model_idx: 7
model_idx: 8
model_idx: 9
process batches id: 112
model_idx: 0
model_idx: 1
model_idx: 2
model_idx: 3
model_idx: 4
model_idx: 5
model_idx: 6
model_idx: 7
model_idx: 8
model_idx: 9
process batches id: 113
model_idx: 0
model_idx: 1
model_idx: 2
model_idx: 3
model_idx: 4
model_idx: 5
model_idx: 6
model_idx: 7
model_idx: 8
model_idx: 9
process batches id: 114
model_idx: 0
model_idx: 1
model_idx: 2
model_idx: 3
model_idx: 4
model_idx: 5
model_idx: 6
model_idx: 7
model_idx: 8
model_idx: 9
process batches id: 115
model_idx: 0
model_idx: 1
model_idx: 2
model_idx: 3
model_idx: 4
model_idx: 5
model_idx: 6
model_idx: 7
model_idx: 8
model_idx: 9
process batches id: 116
model_idx: 0
model_idx: 1
model_idx: 2
model_idx: 3
model_idx: 4
model_idx: 5
model_idx: 6
model_idx: 7
model_idx: 8
model_idx: 9
process batches id: 117
model_idx: 0
model_idx: 1
model_idx: 2
model_idx: 3
model_idx: 4
model_idx: 5
model_idx: 6
model_idx: 7
model_idx: 8
model_idx: 9
process batches id: 118
model_idx: 0
model_idx: 1
model_idx: 2
model_idx: 3
model_idx: 4
model_idx: 5
model_idx: 6
model_idx: 7
model_idx: 8
model_idx: 9
process batches id: 119
model_idx: 0
model_idx: 1
model_idx: 2
model_idx: 3
model_idx: 4
model_idx: 5
model_idx: 6
model_idx: 7
model_idx: 8
model_idx: 9
process batches id: 120
model_idx: 0
model_idx: 1
model_idx: 2
model_idx: 3
model_idx: 4
model_idx: 5
model_idx: 6
model_idx: 7
model_idx: 8
model_idx: 9
process batches id: 121
model_idx: 0
model_idx: 1
model_idx: 2
model_idx: 3
model_idx: 4
model_idx: 5
model_idx: 6
model_idx: 7
model_idx: 8
model_idx: 9
process batches id: 122
model_idx: 0
model_idx: 1
model_idx: 2
model_idx: 3
model_idx: 4
model_idx: 5
model_idx: 6
model_idx: 7
model_idx: 8
model_idx: 9
process batches id: 123
model_idx: 0
model_idx: 1
model_idx: 2
model_idx: 3
model_idx: 4
model_idx: 5
model_idx: 6
model_idx: 7
model_idx: 8
model_idx: 9
process batches id: 124
model_idx: 0
model_idx: 1
model_idx: 2
model_idx: 3
model_idx: 4
model_idx: 5
model_idx: 6
model_idx: 7
model_idx: 8
model_idx: 9
process batches id: 125
model_idx: 0
model_idx: 1
model_idx: 2
model_idx: 3
model_idx: 4
model_idx: 5
model_idx: 6
model_idx: 7
model_idx: 8
model_idx: 9
process batches id: 126
model_idx: 0
model_idx: 1
model_idx: 2
model_idx: 3
model_idx: 4
model_idx: 5
model_idx: 6
model_idx: 7
model_idx: 8
model_idx: 9
process batches id: 127
model_idx: 0
model_idx: 1
model_idx: 2
model_idx: 3
model_idx: 4
model_idx: 5
model_idx: 6
model_idx: 7
model_idx: 8
model_idx: 9
process batches id: 128
model_idx: 0
model_idx: 1
model_idx: 2
model_idx: 3
model_idx: 4
model_idx: 5
model_idx: 6
model_idx: 7
model_idx: 8
model_idx: 9
process batches id: 129
model_idx: 0
model_idx: 1
model_idx: 2
model_idx: 3
model_idx: 4
model_idx: 5
model_idx: 6
model_idx: 7
model_idx: 8
model_idx: 9
process batches id: 130
model_idx: 0
model_idx: 1
model_idx: 2
model_idx: 3
model_idx: 4
model_idx: 5
model_idx: 6
model_idx: 7
model_idx: 8
model_idx: 9
process batches id: 131
model_idx: 0
model_idx: 1
model_idx: 2
model_idx: 3
model_idx: 4
model_idx: 5
model_idx: 6
model_idx: 7
model_idx: 8
model_idx: 9
process batches id: 132
model_idx: 0
model_idx: 1
model_idx: 2
model_idx: 3
model_idx: 4
model_idx: 5
model_idx: 6
model_idx: 7
model_idx: 8
model_idx: 9
process batches id: 133
model_idx: 0
model_idx: 1
model_idx: 2
model_idx: 3
model_idx: 4
model_idx: 5
model_idx: 6
model_idx: 7
model_idx: 8
model_idx: 9
process batches id: 134
model_idx: 0
model_idx: 1
model_idx: 2
model_idx: 3
model_idx: 4
model_idx: 5
model_idx: 6
model_idx: 7
model_idx: 8
model_idx: 9
process batches id: 135
model_idx: 0
model_idx: 1
model_idx: 2
model_idx: 3
model_idx: 4
model_idx: 5
model_idx: 6
model_idx: 7
model_idx: 8
model_idx: 9
process batches id: 136
model_idx: 0
model_idx: 1
model_idx: 2
model_idx: 3
model_idx: 4
model_idx: 5
model_idx: 6
model_idx: 7
model_idx: 8
model_idx: 9
process batches id: 137
model_idx: 0
model_idx: 1
model_idx: 2
model_idx: 3
model_idx: 4
model_idx: 5
model_idx: 6
model_idx: 7
model_idx: 8
model_idx: 9
process batches id: 138
model_idx: 0
model_idx: 1
model_idx: 2
model_idx: 3
model_idx: 4
model_idx: 5
model_idx: 6
model_idx: 7
model_idx: 8
model_idx: 9
process batches id: 139
model_idx: 0
model_idx: 1
model_idx: 2
model_idx: 3
model_idx: 4
model_idx: 5
model_idx: 6
model_idx: 7
model_idx: 8
model_idx: 9
process batches id: 140
model_idx: 0
model_idx: 1
model_idx: 2
model_idx: 3
model_idx: 4
model_idx: 5
model_idx: 6
model_idx: 7
model_idx: 8
model_idx: 9
process batches id: 141
model_idx: 0
model_idx: 1
model_idx: 2
model_idx: 3
model_idx: 4
model_idx: 5
model_idx: 6
model_idx: 7
model_idx: 8
model_idx: 9
process batches id: 142
model_idx: 0
model_idx: 1
model_idx: 2
model_idx: 3
model_idx: 4
model_idx: 5
model_idx: 6
model_idx: 7
model_idx: 8
model_idx: 9
process batches id: 143
model_idx: 0
model_idx: 1
model_idx: 2
model_idx: 3
model_idx: 4
model_idx: 5
model_idx: 6
model_idx: 7
model_idx: 8
model_idx: 9
process batches id: 144
model_idx: 0
model_idx: 1
model_idx: 2
model_idx: 3
model_idx: 4
model_idx: 5
model_idx: 6
model_idx: 7
model_idx: 8
model_idx: 9
process batches id: 145
model_idx: 0
model_idx: 1
model_idx: 2
model_idx: 3
model_idx: 4
model_idx: 5
model_idx: 6
model_idx: 7
model_idx: 8
model_idx: 9
process batches id: 146
model_idx: 0
model_idx: 1
model_idx: 2
model_idx: 3
model_idx: 4
model_idx: 5
model_idx: 6
model_idx: 7
model_idx: 8
model_idx: 9
process batches id: 147
model_idx: 0
model_idx: 1
model_idx: 2
model_idx: 3
model_idx: 4
model_idx: 5
model_idx: 6
model_idx: 7
model_idx: 8
model_idx: 9
process batches id: 148
model_idx: 0
model_idx: 1
model_idx: 2
model_idx: 3
model_idx: 4
model_idx: 5
model_idx: 6
model_idx: 7
model_idx: 8
model_idx: 9
process batches id: 149
model_idx: 0
model_idx: 1
model_idx: 2
model_idx: 3
model_idx: 4
model_idx: 5
model_idx: 6
model_idx: 7
model_idx: 8
model_idx: 9
process batches id: 150
model_idx: 0
model_idx: 1
model_idx: 2
model_idx: 3
model_idx: 4
model_idx: 5
model_idx: 6
model_idx: 7
model_idx: 8
model_idx: 9
process batches id: 151
model_idx: 0
model_idx: 1
model_idx: 2
model_idx: 3
model_idx: 4
model_idx: 5
model_idx: 6
model_idx: 7
model_idx: 8
model_idx: 9
process batches id: 152
model_idx: 0
model_idx: 1
model_idx: 2
model_idx: 3
model_idx: 4
model_idx: 5
model_idx: 6
model_idx: 7
model_idx: 8
model_idx: 9
process batches id: 153
model_idx: 0
model_idx: 1
model_idx: 2
model_idx: 3
model_idx: 4
model_idx: 5
model_idx: 6
model_idx: 7
model_idx: 8
model_idx: 9
mean in subsampled labels: {'P@1': 0.9420956900991584, 'P@3': 0.8018375697835374, 'P@5': 0.651909173289176}
Total time: 11741.963668107986
