start
data loading cost: 2.7616193294525146
process batches id: 0
process batches id: 1
process batches id: 2
process batches id: 3
process batches id: 4
process batches id: 5
process batches id: 6
process batches id: 7
process batches id: 8
process batches id: 9
process batches id: 10
process batches id: 11
process batches id: 12
process batches id: 13
process batches id: 14
process batches id: 15
mean in subsampled labels: {'P@1': 0.43840548929913414, 'P@3': 0.39314273266895383, 'P@5': 0.35843032184283613}
Total time: 44224.74241518974
