start
data loading cost: 0.0659637451171875
process batches id: 0
model_idx: 0
model_idx: 1
model_idx: 2
model_idx: 3
model_idx: 4
model_idx: 5
model_idx: 6
model_idx: 7
model_idx: 8
model_idx: 9
process batches id: 1
model_idx: 0
model_idx: 1
model_idx: 2
model_idx: 3
model_idx: 4
model_idx: 5
model_idx: 6
model_idx: 7
model_idx: 8
model_idx: 9
process batches id: 2
model_idx: 0
model_idx: 1
model_idx: 2
model_idx: 3
model_idx: 4
model_idx: 5
model_idx: 6
model_idx: 7
model_idx: 8
model_idx: 9
process batches id: 3
model_idx: 0
model_idx: 1
model_idx: 2
model_idx: 3
model_idx: 4
model_idx: 5
model_idx: 6
model_idx: 7
model_idx: 8
model_idx: 9
mean in subsampled labels: {'P@1': 0.847037484885127, 'P@3': 0.7420395002015316, 'P@5': 0.6571342200725514}
Total time: 2096.678964138031
