start
data loading cost: 0.06852316856384277
process batches id: 0
model_idx: 0
model_idx: 1
model_idx: 2
model_idx: 3
model_idx: 4
model_idx: 5
model_idx: 6
model_idx: 7
model_idx: 8
model_idx: 9
process batches id: 1
model_idx: 0
model_idx: 1
model_idx: 2
model_idx: 3
model_idx: 4
model_idx: 5
model_idx: 6
model_idx: 7
model_idx: 8
model_idx: 9
process batches id: 2
model_idx: 0
model_idx: 1
model_idx: 2
model_idx: 3
model_idx: 4
model_idx: 5
model_idx: 6
model_idx: 7
model_idx: 8
model_idx: 9
process batches id: 3
model_idx: 0
model_idx: 1
model_idx: 2
model_idx: 3
model_idx: 4
model_idx: 5
model_idx: 6
model_idx: 7
model_idx: 8
model_idx: 9
mean in subsampled labels: {'P@1': 0.8496070133010882, 'P@3': 0.7427952438532851, 'P@5': 0.6572853688029021}
Total time: 2020.8080804347992
