start
data loading cost: 2.6242895126342773
process batches id: 0
process batches id: 1
process batches id: 2
process batches id: 3
process batches id: 4
process batches id: 5
process batches id: 6
process batches id: 7
process batches id: 8
process batches id: 9
process batches id: 10
process batches id: 11
process batches id: 12
process batches id: 13
process batches id: 14
process batches id: 15
mean in subsampled labels: {'P@1': 0.4385035124979578, 'P@3': 0.39343244567881064, 'P@5': 0.3584486195066166}
Total time: 71240.93483114243
