start
data loading cost: 0.3129096031188965
process batches id: 0
process batches id: 1
process batches id: 2
process batches id: 3
process batches id: 4
process batches id: 5
process batches id: 6
process batches id: 7
process batches id: 8
process batches id: 9
process batches id: 10
process batches id: 11
process batches id: 12
process batches id: 13
process batches id: 14
process batches id: 15
mean in subsampled labels: {'P@1': 0.43860807057670315, 'P@3': 0.3926765779012144, 'P@5': 0.3580970429668355}
Total time: 73659.70730853081
