start
data loading cost: 0.9046587944030762
process batches id: 0
model_idx: 0
process batches id: 1
model_idx: 0
process batches id: 2
model_idx: 0
process batches id: 3
model_idx: 0
process batches id: 4
model_idx: 0
process batches id: 5
model_idx: 0
process batches id: 6
model_idx: 0
process batches id: 7
model_idx: 0
process batches id: 8
model_idx: 0
process batches id: 9
model_idx: 0
process batches id: 10
model_idx: 0
process batches id: 11
model_idx: 0
process batches id: 12
model_idx: 0
process batches id: 13
model_idx: 0
process batches id: 14
model_idx: 0
process batches id: 15
model_idx: 0
process batches id: 16
model_idx: 0
process batches id: 17
model_idx: 0
process batches id: 18
model_idx: 0
process batches id: 19
model_idx: 0
process batches id: 20
model_idx: 0
process batches id: 21
model_idx: 0
process batches id: 22
model_idx: 0
process batches id: 23
model_idx: 0
process batches id: 24
model_idx: 0
process batches id: 25
model_idx: 0
process batches id: 26
model_idx: 0
process batches id: 27
model_idx: 0
process batches id: 28
model_idx: 0
process batches id: 29
model_idx: 0
process batches id: 30
model_idx: 0
mean in subsampled labels: {'P@1': 0.9332131611372245, 'P@3': 0.7923074582819941, 'P@5': 0.6418042779563338}
Total time: 989.537859916687
